<?xml version="1.0" encoding="UTF-8"?>
<!-- Generated by org.testng.reporters.JUnitXMLReporter -->
<testsuite ignored="2" hostname="Bhushan-PC" failures="0" tests="2" name="Test2" time="0.01" errors="0" timestamp="01 Jun 2019 13:04:57 GMT">
  <testcase classname="com.testNG.test.SecondTC" name="test1" time="0.002"/>
  <testcase classname="com.testNG.test.SecondTC" name="test2" time="0.002"/>
  <testcase classname="com.testNG.test.SecondTC" name="test3" time="0.0">
    <ignored/>
  </testcase> <!-- test3 -->
  <testcase classname="com.testNG.test.SecondTC" name="test4" time="0.0">
    <ignored/>
  </testcase> <!-- test4 -->
</testsuite> <!-- Test2 -->
